This file contains any messages produced by compilers while
running configure, to aid debugging if configure makes a mistake.

It was created by wy60 configure 2.0.9, which was
generated by GNU Autoconf 2.61.  Invocation command line was

  $ ./configure 

## --------- ##
## Platform. ##
## --------- ##

hostname = hhubuntu
uname -m = i686
uname -r = 2.6.24-19-generic
uname -s = Linux
uname -v = #1 SMP Wed Jun 18 14:43:41 UTC 2008

/usr/bin/uname -p = unknown
/bin/uname -X     = unknown

/bin/arch              = unknown
/usr/bin/arch -k       = unknown
/usr/convex/getsysinfo = unknown
/usr/bin/hostinfo      = unknown
/bin/machine           = unknown
/usr/bin/oslevel       = unknown
/bin/universe          = unknown

PATH: /home/hharte/bin
PATH: /home/hharte/bin
PATH: /usr/local/sbin
PATH: /usr/local/bin
PATH: /usr/sbin
PATH: /usr/bin
PATH: /sbin
PATH: /bin
PATH: /usr/games
PATH: /home/hharte/android-sdk-linux_x86-1.0_r1/tools/


## ----------- ##
## Core tests. ##
## ----------- ##

configure:1771: checking for a BSD-compatible install
configure:1827: result: /usr/bin/install -c
configure:1838: checking whether build environment is sane
configure:1881: result: yes
configure:1905: WARNING: `missing' script is too old or missing
configure:1946: checking for gawk
configure:1962: found /usr/bin/gawk
configure:1973: result: gawk
configure:1984: checking whether make sets $(MAKE)
configure:2005: result: yes
configure:2188: checking for gawk
configure:2215: result: gawk
configure:2274: checking for gcc
configure:2290: found /usr/bin/gcc
configure:2301: result: gcc
configure:2539: checking for C compiler version
configure:2546: gcc --version >&5
gcc (GCC) 4.2.4 (Ubuntu 4.2.4-1ubuntu3)
Copyright (C) 2007 Free Software Foundation, Inc.
This is free software; see the source for copying conditions.  There is NO
warranty; not even for MERCHANTABILITY or FITNESS FOR A PARTICULAR PURPOSE.

configure:2549: $? = 0
configure:2556: gcc -v >&5
Using built-in specs.
Target: i486-linux-gnu
Configured with: ../src/configure -v --enable-languages=c,c++,fortran,objc,obj-c++,treelang --prefix=/usr --enable-shared --with-system-zlib --libexecdir=/usr/lib --without-included-gettext --enable-threads=posix --enable-nls --with-gxx-include-dir=/usr/include/c++/4.2 --program-suffix=-4.2 --enable-clocale=gnu --enable-libstdcxx-debug --enable-objc-gc --enable-mpfr --enable-targets=all --enable-checking=release --build=i486-linux-gnu --host=i486-linux-gnu --target=i486-linux-gnu
Thread model: posix
gcc version 4.2.4 (Ubuntu 4.2.4-1ubuntu3)
configure:2559: $? = 0
configure:2566: gcc -V >&5
gcc: '-V' option must have argument
configure:2569: $? = 1
configure:2592: checking for C compiler default output file name
configure:2619: gcc    conftest.c  >&5
configure:2622: $? = 0
configure:2660: result: a.out
configure:2677: checking whether the C compiler works
configure:2687: ./a.out
configure:2690: $? = 0
configure:2707: result: yes
configure:2714: checking whether we are cross compiling
configure:2716: result: no
configure:2719: checking for suffix of executables
configure:2726: gcc -o conftest    conftest.c  >&5
configure:2729: $? = 0
configure:2753: result: 
configure:2759: checking for suffix of object files
configure:2785: gcc -c   conftest.c >&5
configure:2788: $? = 0
configure:2811: result: o
configure:2815: checking whether we are using the GNU C compiler
configure:2844: gcc -c   conftest.c >&5
configure:2850: $? = 0
configure:2867: result: yes
configure:2872: checking whether gcc accepts -g
configure:2902: gcc -c -g  conftest.c >&5
configure:2908: $? = 0
configure:3007: result: yes
configure:3024: checking for gcc option to accept ISO C89
configure:3098: gcc  -c -g -O2  conftest.c >&5
configure:3104: $? = 0
configure:3127: result: none needed
configure:3156: checking for style of include used by make
configure:3184: result: GNU
configure:3212: checking dependency style of gcc
configure:3302: result: gcc3
configure:3332: checking for a BSD-compatible install
configure:3388: result: /usr/bin/install -c
configure:3399: checking whether ln -s works
configure:3403: result: yes
configure:3417: checking for setupterm
configure:3473: gcc -o conftest -g -O2   conftest.c  >&5
/tmp/ccAc1fK6.o: In function `main':
/home/hharte/android/cyanogen/external/wy60/conftest.c:42: undefined reference to `setupterm'
collect2: ld returned 1 exit status
configure:3479: $? = 1
configure: failed program was:
| /* confdefs.h.  */
| #define PACKAGE_NAME "wy60"
| #define PACKAGE_TARNAME "wy60"
| #define PACKAGE_VERSION "2.0.9"
| #define PACKAGE_STRING "wy60 2.0.9"
| #define PACKAGE_BUGREPORT "markus+wy60@wy60.gutschke.com"
| /* end confdefs.h.  */
| /* Define setupterm to an innocuous variant, in case <limits.h> declares setupterm.
|    For example, HP-UX 11i <limits.h> declares gettimeofday.  */
| #define setupterm innocuous_setupterm
| 
| /* System header to define __stub macros and hopefully few prototypes,
|     which can conflict with char setupterm (); below.
|     Prefer <limits.h> to <assert.h> if __STDC__ is defined, since
|     <limits.h> exists even on freestanding compilers.  */
| 
| #ifdef __STDC__
| # include <limits.h>
| #else
| # include <assert.h>
| #endif
| 
| #undef setupterm
| 
| /* Override any GCC internal prototype to avoid an error.
|    Use char because int might match the return type of a GCC
|    builtin and then its argument prototype would still apply.  */
| #ifdef __cplusplus
| extern "C"
| #endif
| char setupterm ();
| /* The GNU C library defines this for functions which it implements
|     to always fail with ENOSYS.  Some functions are actually named
|     something starting with __ and the normal name is an alias.  */
| #if defined __stub_setupterm || defined __stub___setupterm
| choke me
| #endif
| 
| int
| main ()
| {
| return setupterm ();
|   ;
|   return 0;
| }
configure:3497: result: no
configure:3505: checking for setupterm in -lcurses
configure:3540: gcc -o conftest -g -O2   conftest.c -lcurses   >&5
configure:3546: $? = 0
configure:3564: result: yes
configure:3646: checking how to run the C preprocessor
configure:3686: gcc -E  conftest.c
configure:3692: $? = 0
configure:3723: gcc -E  conftest.c
conftest.c:8:28: error: ac_nonexistent.h: No such file or directory
configure:3729: $? = 1
configure: failed program was:
| /* confdefs.h.  */
| #define PACKAGE_NAME "wy60"
| #define PACKAGE_TARNAME "wy60"
| #define PACKAGE_VERSION "2.0.9"
| #define PACKAGE_STRING "wy60 2.0.9"
| #define PACKAGE_BUGREPORT "markus+wy60@wy60.gutschke.com"
| /* end confdefs.h.  */
| #include <ac_nonexistent.h>
configure:3762: result: gcc -E
configure:3791: gcc -E  conftest.c
configure:3797: $? = 0
configure:3828: gcc -E  conftest.c
conftest.c:8:28: error: ac_nonexistent.h: No such file or directory
configure:3834: $? = 1
configure: failed program was:
| /* confdefs.h.  */
| #define PACKAGE_NAME "wy60"
| #define PACKAGE_TARNAME "wy60"
| #define PACKAGE_VERSION "2.0.9"
| #define PACKAGE_STRING "wy60 2.0.9"
| #define PACKAGE_BUGREPORT "markus+wy60@wy60.gutschke.com"
| /* end confdefs.h.  */
| #include <ac_nonexistent.h>
configure:3872: checking for grep that handles long lines and -e
configure:3946: result: /bin/grep
configure:3951: checking for egrep
configure:4029: result: /bin/grep -E
configure:4034: checking for ANSI C header files
configure:4064: gcc -c -g -O2  conftest.c >&5
configure:4070: $? = 0
configure:4169: gcc -o conftest -g -O2   conftest.c -lcurses  >&5
configure:4172: $? = 0
configure:4178: ./conftest
configure:4181: $? = 0
configure:4198: result: yes
configure:4208: checking for sys/wait.h that is POSIX.1 compatible
configure:4244: gcc -c -g -O2  conftest.c >&5
configure:4250: $? = 0
configure:4265: result: yes
configure:4289: checking for sys/types.h
configure:4310: gcc -c -g -O2  conftest.c >&5
configure:4316: $? = 0
configure:4332: result: yes
configure:4289: checking for sys/stat.h
configure:4310: gcc -c -g -O2  conftest.c >&5
configure:4316: $? = 0
configure:4332: result: yes
configure:4289: checking for stdlib.h
configure:4310: gcc -c -g -O2  conftest.c >&5
configure:4316: $? = 0
configure:4332: result: yes
configure:4289: checking for string.h
configure:4310: gcc -c -g -O2  conftest.c >&5
configure:4316: $? = 0
configure:4332: result: yes
configure:4289: checking for memory.h
configure:4310: gcc -c -g -O2  conftest.c >&5
configure:4316: $? = 0
configure:4332: result: yes
configure:4289: checking for strings.h
configure:4310: gcc -c -g -O2  conftest.c >&5
configure:4316: $? = 0
configure:4332: result: yes
configure:4289: checking for inttypes.h
configure:4310: gcc -c -g -O2  conftest.c >&5
configure:4316: $? = 0
configure:4332: result: yes
configure:4289: checking for stdint.h
configure:4310: gcc -c -g -O2  conftest.c >&5
configure:4316: $? = 0
configure:4332: result: yes
configure:4289: checking for unistd.h
configure:4310: gcc -c -g -O2  conftest.c >&5
configure:4316: $? = 0
configure:4332: result: yes
configure:4390: checking curses.h usability
configure:4407: gcc -c -g -O2  conftest.c >&5
configure:4413: $? = 0
configure:4427: result: yes
configure:4431: checking curses.h presence
configure:4446: gcc -E  conftest.c
configure:4452: $? = 0
configure:4466: result: yes
configure:4499: checking for curses.h
configure:4507: result: yes
configure:4390: checking errno.h usability
configure:4407: gcc -c -g -O2  conftest.c >&5
configure:4413: $? = 0
configure:4427: result: yes
configure:4431: checking errno.h presence
configure:4446: gcc -E  conftest.c
configure:4452: $? = 0
configure:4466: result: yes
configure:4499: checking for errno.h
configure:4507: result: yes
configure:4390: checking fcntl.h usability
configure:4407: gcc -c -g -O2  conftest.c >&5
configure:4413: $? = 0
configure:4427: result: yes
configure:4431: checking fcntl.h presence
configure:4446: gcc -E  conftest.c
configure:4452: $? = 0
configure:4466: result: yes
configure:4499: checking for fcntl.h
configure:4507: result: yes
configure:4390: checking grp.h usability
configure:4407: gcc -c -g -O2  conftest.c >&5
configure:4413: $? = 0
configure:4427: result: yes
configure:4431: checking grp.h presence
configure:4446: gcc -E  conftest.c
configure:4452: $? = 0
configure:4466: result: yes
configure:4499: checking for grp.h
configure:4507: result: yes
configure:4390: checking ncurses.h usability
configure:4407: gcc -c -g -O2  conftest.c >&5
configure:4413: $? = 0
configure:4427: result: yes
configure:4431: checking ncurses.h presence
configure:4446: gcc -E  conftest.c
configure:4452: $? = 0
configure:4466: result: yes
configure:4499: checking for ncurses.h
configure:4507: result: yes
configure:4390: checking ncurses/term.h usability
configure:4407: gcc -c -g -O2  conftest.c >&5
conftest.c:57:26: error: ncurses/term.h: No such file or directory
configure:4413: $? = 1
configure: failed program was:
| /* confdefs.h.  */
| #define PACKAGE_NAME "wy60"
| #define PACKAGE_TARNAME "wy60"
| #define PACKAGE_VERSION "2.0.9"
| #define PACKAGE_STRING "wy60 2.0.9"
| #define PACKAGE_BUGREPORT "markus+wy60@wy60.gutschke.com"
| #define STDC_HEADERS 1
| #define HAVE_SYS_WAIT_H 1
| #define HAVE_SYS_TYPES_H 1
| #define HAVE_SYS_STAT_H 1
| #define HAVE_STDLIB_H 1
| #define HAVE_STRING_H 1
| #define HAVE_MEMORY_H 1
| #define HAVE_STRINGS_H 1
| #define HAVE_INTTYPES_H 1
| #define HAVE_STDINT_H 1
| #define HAVE_UNISTD_H 1
| #define HAVE_CURSES_H 1
| #define HAVE_ERRNO_H 1
| #define HAVE_FCNTL_H 1
| #define HAVE_GRP_H 1
| #define HAVE_NCURSES_H 1
| /* end confdefs.h.  */
| #include <stdio.h>
| #ifdef HAVE_SYS_TYPES_H
| # include <sys/types.h>
| #endif
| #ifdef HAVE_SYS_STAT_H
| # include <sys/stat.h>
| #endif
| #ifdef STDC_HEADERS
| # include <stdlib.h>
| # include <stddef.h>
| #else
| # ifdef HAVE_STDLIB_H
| #  include <stdlib.h>
| # endif
| #endif
| #ifdef HAVE_STRING_H
| # if !defined STDC_HEADERS && defined HAVE_MEMORY_H
| #  include <memory.h>
| # endif
| # include <string.h>
| #endif
| #ifdef HAVE_STRINGS_H
| # include <strings.h>
| #endif
| #ifdef HAVE_INTTYPES_H
| # include <inttypes.h>
| #endif
| #ifdef HAVE_STDINT_H
| # include <stdint.h>
| #endif
| #ifdef HAVE_UNISTD_H
| # include <unistd.h>
| #endif
| #include <ncurses/term.h>
configure:4427: result: no
configure:4431: checking ncurses/term.h presence
configure:4446: gcc -E  conftest.c
conftest.c:24:26: error: ncurses/term.h: No such file or directory
configure:4452: $? = 1
configure: failed program was:
| /* confdefs.h.  */
| #define PACKAGE_NAME "wy60"
| #define PACKAGE_TARNAME "wy60"
| #define PACKAGE_VERSION "2.0.9"
| #define PACKAGE_STRING "wy60 2.0.9"
| #define PACKAGE_BUGREPORT "markus+wy60@wy60.gutschke.com"
| #define STDC_HEADERS 1
| #define HAVE_SYS_WAIT_H 1
| #define HAVE_SYS_TYPES_H 1
| #define HAVE_SYS_STAT_H 1
| #define HAVE_STDLIB_H 1
| #define HAVE_STRING_H 1
| #define HAVE_MEMORY_H 1
| #define HAVE_STRINGS_H 1
| #define HAVE_INTTYPES_H 1
| #define HAVE_STDINT_H 1
| #define HAVE_UNISTD_H 1
| #define HAVE_CURSES_H 1
| #define HAVE_ERRNO_H 1
| #define HAVE_FCNTL_H 1
| #define HAVE_GRP_H 1
| #define HAVE_NCURSES_H 1
| /* end confdefs.h.  */
| #include <ncurses/term.h>
configure:4466: result: no
configure:4499: checking for ncurses/term.h
configure:4507: result: no
configure:4390: checking netinet/in.h usability
configure:4407: gcc -c -g -O2  conftest.c >&5
configure:4413: $? = 0
configure:4427: result: yes
configure:4431: checking netinet/in.h presence
configure:4446: gcc -E  conftest.c
configure:4452: $? = 0
configure:4466: result: yes
configure:4499: checking for netinet/in.h
configure:4507: result: yes
configure:4390: checking pty.h usability
configure:4407: gcc -c -g -O2  conftest.c >&5
configure:4413: $? = 0
configure:4427: result: yes
configure:4431: checking pty.h presence
configure:4446: gcc -E  conftest.c
configure:4452: $? = 0
configure:4466: result: yes
configure:4499: checking for pty.h
configure:4507: result: yes
configure:4390: checking setjmp.h usability
configure:4407: gcc -c -g -O2  conftest.c >&5
configure:4413: $? = 0
configure:4427: result: yes
configure:4431: checking setjmp.h presence
configure:4446: gcc -E  conftest.c
configure:4452: $? = 0
configure:4466: result: yes
configure:4499: checking for setjmp.h
configure:4507: result: yes
configure:4390: checking signal.h usability
configure:4407: gcc -c -g -O2  conftest.c >&5
configure:4413: $? = 0
configure:4427: result: yes
configure:4431: checking signal.h presence
configure:4446: gcc -E  conftest.c
configure:4452: $? = 0
configure:4466: result: yes
configure:4499: checking for signal.h
configure:4507: result: yes
configure:4390: checking stdarg.h usability
configure:4407: gcc -c -g -O2  conftest.c >&5
configure:4413: $? = 0
configure:4427: result: yes
configure:4431: checking stdarg.h presence
configure:4446: gcc -E  conftest.c
configure:4452: $? = 0
configure:4466: result: yes
configure:4499: checking for stdarg.h
configure:4507: result: yes
configure:4390: checking stdio.h usability
configure:4407: gcc -c -g -O2  conftest.c >&5
configure:4413: $? = 0
configure:4427: result: yes
configure:4431: checking stdio.h presence
configure:4446: gcc -E  conftest.c
configure:4452: $? = 0
configure:4466: result: yes
configure:4499: checking for stdio.h
configure:4507: result: yes
configure:4380: checking for stdlib.h
configure:4386: result: yes
configure:4380: checking for string.h
configure:4386: result: yes
configure:4380: checking for strings.h
configure:4386: result: yes
configure:4390: checking stropts.h usability
configure:4407: gcc -c -g -O2  conftest.c >&5
configure:4413: $? = 0
configure:4427: result: yes
configure:4431: checking stropts.h presence
configure:4446: gcc -E  conftest.c
configure:4452: $? = 0
configure:4466: result: yes
configure:4499: checking for stropts.h
configure:4507: result: yes
configure:4390: checking sys/filio.h usability
configure:4407: gcc -c -g -O2  conftest.c >&5
conftest.c:67:23: error: sys/filio.h: No such file or directory
configure:4413: $? = 1
configure: failed program was:
| /* confdefs.h.  */
| #define PACKAGE_NAME "wy60"
| #define PACKAGE_TARNAME "wy60"
| #define PACKAGE_VERSION "2.0.9"
| #define PACKAGE_STRING "wy60 2.0.9"
| #define PACKAGE_BUGREPORT "markus+wy60@wy60.gutschke.com"
| #define STDC_HEADERS 1
| #define HAVE_SYS_WAIT_H 1
| #define HAVE_SYS_TYPES_H 1
| #define HAVE_SYS_STAT_H 1
| #define HAVE_STDLIB_H 1
| #define HAVE_STRING_H 1
| #define HAVE_MEMORY_H 1
| #define HAVE_STRINGS_H 1
| #define HAVE_INTTYPES_H 1
| #define HAVE_STDINT_H 1
| #define HAVE_UNISTD_H 1
| #define HAVE_CURSES_H 1
| #define HAVE_ERRNO_H 1
| #define HAVE_FCNTL_H 1
| #define HAVE_GRP_H 1
| #define HAVE_NCURSES_H 1
| #define HAVE_NETINET_IN_H 1
| #define HAVE_PTY_H 1
| #define HAVE_SETJMP_H 1
| #define HAVE_SIGNAL_H 1
| #define HAVE_STDARG_H 1
| #define HAVE_STDIO_H 1
| #define HAVE_STDLIB_H 1
| #define HAVE_STRING_H 1
| #define HAVE_STRINGS_H 1
| #define HAVE_STROPTS_H 1
| /* end confdefs.h.  */
| #include <stdio.h>
| #ifdef HAVE_SYS_TYPES_H
| # include <sys/types.h>
| #endif
| #ifdef HAVE_SYS_STAT_H
| # include <sys/stat.h>
| #endif
| #ifdef STDC_HEADERS
| # include <stdlib.h>
| # include <stddef.h>
| #else
| # ifdef HAVE_STDLIB_H
| #  include <stdlib.h>
| # endif
| #endif
| #ifdef HAVE_STRING_H
| # if !defined STDC_HEADERS && defined HAVE_MEMORY_H
| #  include <memory.h>
| # endif
| # include <string.h>
| #endif
| #ifdef HAVE_STRINGS_H
| # include <strings.h>
| #endif
| #ifdef HAVE_INTTYPES_H
| # include <inttypes.h>
| #endif
| #ifdef HAVE_STDINT_H
| # include <stdint.h>
| #endif
| #ifdef HAVE_UNISTD_H
| # include <unistd.h>
| #endif
| #include <sys/filio.h>
configure:4427: result: no
configure:4431: checking sys/filio.h presence
configure:4446: gcc -E  conftest.c
conftest.c:34:23: error: sys/filio.h: No such file or directory
configure:4452: $? = 1
configure: failed program was:
| /* confdefs.h.  */
| #define PACKAGE_NAME "wy60"
| #define PACKAGE_TARNAME "wy60"
| #define PACKAGE_VERSION "2.0.9"
| #define PACKAGE_STRING "wy60 2.0.9"
| #define PACKAGE_BUGREPORT "markus+wy60@wy60.gutschke.com"
| #define STDC_HEADERS 1
| #define HAVE_SYS_WAIT_H 1
| #define HAVE_SYS_TYPES_H 1
| #define HAVE_SYS_STAT_H 1
| #define HAVE_STDLIB_H 1
| #define HAVE_STRING_H 1
| #define HAVE_MEMORY_H 1
| #define HAVE_STRINGS_H 1
| #define HAVE_INTTYPES_H 1
| #define HAVE_STDINT_H 1
| #define HAVE_UNISTD_H 1
| #define HAVE_CURSES_H 1
| #define HAVE_ERRNO_H 1
| #define HAVE_FCNTL_H 1
| #define HAVE_GRP_H 1
| #define HAVE_NCURSES_H 1
| #define HAVE_NETINET_IN_H 1
| #define HAVE_PTY_H 1
| #define HAVE_SETJMP_H 1
| #define HAVE_SIGNAL_H 1
| #define HAVE_STDARG_H 1
| #define HAVE_STDIO_H 1
| #define HAVE_STDLIB_H 1
| #define HAVE_STRING_H 1
| #define HAVE_STRINGS_H 1
| #define HAVE_STROPTS_H 1
| /* end confdefs.h.  */
| #include <sys/filio.h>
configure:4466: result: no
configure:4499: checking for sys/filio.h
configure:4507: result: no
configure:4390: checking sys/ioctl.h usability
configure:4407: gcc -c -g -O2  conftest.c >&5
configure:4413: $? = 0
configure:4427: result: yes
configure:4431: checking sys/ioctl.h presence
configure:4446: gcc -E  conftest.c
configure:4452: $? = 0
configure:4466: result: yes
configure:4499: checking for sys/ioctl.h
configure:4507: result: yes
configure:4390: checking sys/poll.h usability
configure:4407: gcc -c -g -O2  conftest.c >&5
configure:4413: $? = 0
configure:4427: result: yes
configure:4431: checking sys/poll.h presence
configure:4446: gcc -E  conftest.c
configure:4452: $? = 0
configure:4466: result: yes
configure:4499: checking for sys/poll.h
configure:4507: result: yes
configure:4390: checking sys/select.h usability
configure:4407: gcc -c -g -O2  conftest.c >&5
configure:4413: $? = 0
configure:4427: result: yes
configure:4431: checking sys/select.h presence
configure:4446: gcc -E  conftest.c
configure:4452: $? = 0
configure:4466: result: yes
configure:4499: checking for sys/select.h
configure:4507: result: yes
configure:4390: checking sys/time.h usability
configure:4407: gcc -c -g -O2  conftest.c >&5
configure:4413: $? = 0
configure:4427: result: yes
configure:4431: checking sys/time.h presence
configure:4446: gcc -E  conftest.c
configure:4452: $? = 0
configure:4466: result: yes
configure:4499: checking for sys/time.h
configure:4507: result: yes
configure:4390: checking sys/ttydefaults.h usability
configure:4407: gcc -c -g -O2  conftest.c >&5
configure:4413: $? = 0
configure:4427: result: yes
configure:4431: checking sys/ttydefaults.h presence
configure:4446: gcc -E  conftest.c
configure:4452: $? = 0
configure:4466: result: yes
configure:4499: checking for sys/ttydefaults.h
configure:4507: result: yes
configure:4380: checking for sys/types.h
configure:4386: result: yes
configure:4390: checking syslog.h usability
configure:4407: gcc -c -g -O2  conftest.c >&5
configure:4413: $? = 0
configure:4427: result: yes
configure:4431: checking syslog.h presence
configure:4446: gcc -E  conftest.c
configure:4452: $? = 0
configure:4466: result: yes
configure:4499: checking for syslog.h
configure:4507: result: yes
configure:4390: checking term.h usability
configure:4407: gcc -c -g -O2  conftest.c >&5
configure:4413: $? = 0
configure:4427: result: yes
configure:4431: checking term.h presence
configure:4446: gcc -E  conftest.c
configure:4452: $? = 0
configure:4466: result: yes
configure:4499: checking for term.h
configure:4507: result: yes
configure:4390: checking termios.h usability
configure:4407: gcc -c -g -O2  conftest.c >&5
configure:4413: $? = 0
configure:4427: result: yes
configure:4431: checking termios.h presence
configure:4446: gcc -E  conftest.c
configure:4452: $? = 0
configure:4466: result: yes
configure:4499: checking for termios.h
configure:4507: result: yes
configure:4380: checking for unistd.h
configure:4386: result: yes
configure:4522: checking for an ANSI C-conforming const
configure:4597: gcc -c -g -O2  conftest.c >&5
configure:4603: $? = 0
configure:4618: result: yes
configure:4628: checking whether time.h and sys/time.h may both be included
configure:4658: gcc -c -g -O2  conftest.c >&5
configure:4664: $? = 0
configure:4679: result: yes
configure:4691: checking for uid_t in sys/types.h
configure:4714: result: yes
configure:4734: checking for unistd.h
configure:4740: result: yes
configure:4874: checking for working chown
configure:4917: gcc -o conftest -g -O2   conftest.c -lcurses  >&5
configure:4920: $? = 0
configure:4926: ./conftest
configure:4929: $? = 0
configure:4947: result: yes
configure:4957: checking for pid_t
configure:4987: gcc -c -g -O2  conftest.c >&5
configure:4993: $? = 0
configure:5008: result: yes
configure:5035: checking vfork.h usability
configure:5052: gcc -c -g -O2  conftest.c >&5
conftest.c:80:19: error: vfork.h: No such file or directory
configure:5058: $? = 1
configure: failed program was:
| /* confdefs.h.  */
| #define PACKAGE_NAME "wy60"
| #define PACKAGE_TARNAME "wy60"
| #define PACKAGE_VERSION "2.0.9"
| #define PACKAGE_STRING "wy60 2.0.9"
| #define PACKAGE_BUGREPORT "markus+wy60@wy60.gutschke.com"
| #define STDC_HEADERS 1
| #define HAVE_SYS_WAIT_H 1
| #define HAVE_SYS_TYPES_H 1
| #define HAVE_SYS_STAT_H 1
| #define HAVE_STDLIB_H 1
| #define HAVE_STRING_H 1
| #define HAVE_MEMORY_H 1
| #define HAVE_STRINGS_H 1
| #define HAVE_INTTYPES_H 1
| #define HAVE_STDINT_H 1
| #define HAVE_UNISTD_H 1
| #define HAVE_CURSES_H 1
| #define HAVE_ERRNO_H 1
| #define HAVE_FCNTL_H 1
| #define HAVE_GRP_H 1
| #define HAVE_NCURSES_H 1
| #define HAVE_NETINET_IN_H 1
| #define HAVE_PTY_H 1
| #define HAVE_SETJMP_H 1
| #define HAVE_SIGNAL_H 1
| #define HAVE_STDARG_H 1
| #define HAVE_STDIO_H 1
| #define HAVE_STDLIB_H 1
| #define HAVE_STRING_H 1
| #define HAVE_STRINGS_H 1
| #define HAVE_STROPTS_H 1
| #define HAVE_SYS_IOCTL_H 1
| #define HAVE_SYS_POLL_H 1
| #define HAVE_SYS_SELECT_H 1
| #define HAVE_SYS_TIME_H 1
| #define HAVE_SYS_TTYDEFAULTS_H 1
| #define HAVE_SYS_TYPES_H 1
| #define HAVE_SYSLOG_H 1
| #define HAVE_TERM_H 1
| #define HAVE_TERMIOS_H 1
| #define HAVE_UNISTD_H 1
| #define TIME_WITH_SYS_TIME 1
| #define HAVE_UNISTD_H 1
| #define HAVE_CHOWN 1
| /* end confdefs.h.  */
| #include <stdio.h>
| #ifdef HAVE_SYS_TYPES_H
| # include <sys/types.h>
| #endif
| #ifdef HAVE_SYS_STAT_H
| # include <sys/stat.h>
| #endif
| #ifdef STDC_HEADERS
| # include <stdlib.h>
| # include <stddef.h>
| #else
| # ifdef HAVE_STDLIB_H
| #  include <stdlib.h>
| # endif
| #endif
| #ifdef HAVE_STRING_H
| # if !defined STDC_HEADERS && defined HAVE_MEMORY_H
| #  include <memory.h>
| # endif
| # include <string.h>
| #endif
| #ifdef HAVE_STRINGS_H
| # include <strings.h>
| #endif
| #ifdef HAVE_INTTYPES_H
| # include <inttypes.h>
| #endif
| #ifdef HAVE_STDINT_H
| # include <stdint.h>
| #endif
| #ifdef HAVE_UNISTD_H
| # include <unistd.h>
| #endif
| #include <vfork.h>
configure:5072: result: no
configure:5076: checking vfork.h presence
configure:5091: gcc -E  conftest.c
conftest.c:47:19: error: vfork.h: No such file or directory
configure:5097: $? = 1
configure: failed program was:
| /* confdefs.h.  */
| #define PACKAGE_NAME "wy60"
| #define PACKAGE_TARNAME "wy60"
| #define PACKAGE_VERSION "2.0.9"
| #define PACKAGE_STRING "wy60 2.0.9"
| #define PACKAGE_BUGREPORT "markus+wy60@wy60.gutschke.com"
| #define STDC_HEADERS 1
| #define HAVE_SYS_WAIT_H 1
| #define HAVE_SYS_TYPES_H 1
| #define HAVE_SYS_STAT_H 1
| #define HAVE_STDLIB_H 1
| #define HAVE_STRING_H 1
| #define HAVE_MEMORY_H 1
| #define HAVE_STRINGS_H 1
| #define HAVE_INTTYPES_H 1
| #define HAVE_STDINT_H 1
| #define HAVE_UNISTD_H 1
| #define HAVE_CURSES_H 1
| #define HAVE_ERRNO_H 1
| #define HAVE_FCNTL_H 1
| #define HAVE_GRP_H 1
| #define HAVE_NCURSES_H 1
| #define HAVE_NETINET_IN_H 1
| #define HAVE_PTY_H 1
| #define HAVE_SETJMP_H 1
| #define HAVE_SIGNAL_H 1
| #define HAVE_STDARG_H 1
| #define HAVE_STDIO_H 1
| #define HAVE_STDLIB_H 1
| #define HAVE_STRING_H 1
| #define HAVE_STRINGS_H 1
| #define HAVE_STROPTS_H 1
| #define HAVE_SYS_IOCTL_H 1
| #define HAVE_SYS_POLL_H 1
| #define HAVE_SYS_SELECT_H 1
| #define HAVE_SYS_TIME_H 1
| #define HAVE_SYS_TTYDEFAULTS_H 1
| #define HAVE_SYS_TYPES_H 1
| #define HAVE_SYSLOG_H 1
| #define HAVE_TERM_H 1
| #define HAVE_TERMIOS_H 1
| #define HAVE_UNISTD_H 1
| #define TIME_WITH_SYS_TIME 1
| #define HAVE_UNISTD_H 1
| #define HAVE_CHOWN 1
| /* end confdefs.h.  */
| #include <vfork.h>
configure:5111: result: no
configure:5144: checking for vfork.h
configure:5152: result: no
configure:5170: checking for fork
configure:5226: gcc -o conftest -g -O2   conftest.c -lcurses  >&5
conftest.c:70: warning: conflicting types for built-in function 'fork'
configure:5232: $? = 0
configure:5250: result: yes
configure:5170: checking for vfork
configure:5226: gcc -o conftest -g -O2   conftest.c -lcurses  >&5
configure:5232: $? = 0
configure:5250: result: yes
configure:5261: checking for working fork
configure:5293: gcc -o conftest -g -O2   conftest.c -lcurses  >&5
configure:5296: $? = 0
configure:5302: ./conftest
configure:5305: $? = 0
configure:5321: result: yes
configure:5342: checking for working vfork
configure:5480: result: yes
configure:5512: checking whether gcc needs -traditional
configure:5554: result: no
configure:5566: checking for stdlib.h
configure:5572: result: yes
configure:5706: checking for GNU libc compatible malloc
configure:5740: gcc -o conftest -g -O2   conftest.c -lcurses  >&5
configure:5743: $? = 0
configure:5749: ./conftest
configure:5752: $? = 0
configure:5768: result: yes
configure:5812: checking for atexit
configure:5868: gcc -o conftest -g -O2   conftest.c -lcurses  >&5
configure:5874: $? = 0
configure:5892: result: yes
configure:5812: checking for cfmakeraw
configure:5868: gcc -o conftest -g -O2   conftest.c -lcurses  >&5
configure:5874: $? = 0
configure:5892: result: yes
configure:5812: checking for dup2
configure:5868: gcc -o conftest -g -O2   conftest.c -lcurses  >&5
configure:5874: $? = 0
configure:5892: result: yes
configure:5812: checking for gettimeofday
configure:5868: gcc -o conftest -g -O2   conftest.c -lcurses  >&5
configure:5874: $? = 0
configure:5892: result: yes
configure:5812: checking for memmove
configure:5868: gcc -o conftest -g -O2   conftest.c -lcurses  >&5
conftest.c:80: warning: conflicting types for built-in function 'memmove'
configure:5874: $? = 0
configure:5892: result: yes
configure:5812: checking for memset
configure:5868: gcc -o conftest -g -O2   conftest.c -lcurses  >&5
conftest.c:81: warning: conflicting types for built-in function 'memset'
configure:5874: $? = 0
configure:5892: result: yes
configure:5812: checking for putenv
configure:5868: gcc -o conftest -g -O2   conftest.c -lcurses  >&5
configure:5874: $? = 0
configure:5892: result: yes
configure:5812: checking for strcasecmp
configure:5868: gcc -o conftest -g -O2   conftest.c -lcurses  >&5
conftest.c:83: warning: conflicting types for built-in function 'strcasecmp'
configure:5874: $? = 0
configure:5892: result: yes
configure:5812: checking for strchr
configure:5868: gcc -o conftest -g -O2   conftest.c -lcurses  >&5
conftest.c:84: warning: conflicting types for built-in function 'strchr'
configure:5874: $? = 0
configure:5892: result: yes
configure:5812: checking for strdup
configure:5868: gcc -o conftest -g -O2   conftest.c -lcurses  >&5
conftest.c:85: warning: conflicting types for built-in function 'strdup'
configure:5874: $? = 0
configure:5892: result: yes
configure:5812: checking for strrchr
configure:5868: gcc -o conftest -g -O2   conftest.c -lcurses  >&5
conftest.c:86: warning: conflicting types for built-in function 'strrchr'
configure:5874: $? = 0
configure:5892: result: yes
configure:5812: checking for unsetenv
configure:5868: gcc -o conftest -g -O2   conftest.c -lcurses  >&5
configure:5874: $? = 0
configure:5892: result: yes
configure:5926: gcc -o conftest -g -O2   conftest.c -lcurses  >&5
configure:5932: $? = 0
configure:5979: gcc -o conftest -g -O2   conftest.c -lcurses  >&5
configure:5985: $? = 0
configure:6029: gcc -c -g -O2  conftest.c >&5
configure:6035: $? = 0
configure:6078: gcc -c -g -O2  conftest.c >&5
configure:6084: $? = 0
configure:6227: creating ./config.status

## ---------------------- ##
## Running config.status. ##
## ---------------------- ##

This file was extended by wy60 config.status 2.0.9, which was
generated by GNU Autoconf 2.61.  Invocation command line was

  CONFIG_FILES    = 
  CONFIG_HEADERS  = 
  CONFIG_LINKS    = 
  CONFIG_COMMANDS = 
  $ ./config.status 

on hhubuntu

config.status:634: creating Makefile
config.status:634: creating config.h
config.status:957: executing depfiles commands

## ---------------- ##
## Cache variables. ##
## ---------------- ##

ac_cv_c_compiler_gnu=yes
ac_cv_c_const=yes
ac_cv_env_CC_set=
ac_cv_env_CC_value=
ac_cv_env_CFLAGS_set=
ac_cv_env_CFLAGS_value=
ac_cv_env_CPPFLAGS_set=
ac_cv_env_CPPFLAGS_value=
ac_cv_env_CPP_set=
ac_cv_env_CPP_value=
ac_cv_env_LDFLAGS_set=
ac_cv_env_LDFLAGS_value=
ac_cv_env_LIBS_set=
ac_cv_env_LIBS_value=
ac_cv_env_build_alias_set=
ac_cv_env_build_alias_value=
ac_cv_env_host_alias_set=
ac_cv_env_host_alias_value=
ac_cv_env_target_alias_set=
ac_cv_env_target_alias_value=
ac_cv_func_atexit=yes
ac_cv_func_cfmakeraw=yes
ac_cv_func_chown_works=yes
ac_cv_func_dup2=yes
ac_cv_func_fork=yes
ac_cv_func_fork_works=yes
ac_cv_func_gettimeofday=yes
ac_cv_func_malloc_0_nonnull=yes
ac_cv_func_memmove=yes
ac_cv_func_memset=yes
ac_cv_func_putenv=yes
ac_cv_func_setupterm=no
ac_cv_func_strcasecmp=yes
ac_cv_func_strchr=yes
ac_cv_func_strdup=yes
ac_cv_func_strrchr=yes
ac_cv_func_unsetenv=yes
ac_cv_func_vfork=yes
ac_cv_func_vfork_works=yes
ac_cv_header_curses_h=yes
ac_cv_header_errno_h=yes
ac_cv_header_fcntl_h=yes
ac_cv_header_grp_h=yes
ac_cv_header_inttypes_h=yes
ac_cv_header_memory_h=yes
ac_cv_header_ncurses_h=yes
ac_cv_header_ncurses_term_h=no
ac_cv_header_netinet_in_h=yes
ac_cv_header_pty_h=yes
ac_cv_header_setjmp_h=yes
ac_cv_header_signal_h=yes
ac_cv_header_stdarg_h=yes
ac_cv_header_stdc=yes
ac_cv_header_stdint_h=yes
ac_cv_header_stdio_h=yes
ac_cv_header_stdlib_h=yes
ac_cv_header_string_h=yes
ac_cv_header_strings_h=yes
ac_cv_header_stropts_h=yes
ac_cv_header_sys_filio_h=no
ac_cv_header_sys_ioctl_h=yes
ac_cv_header_sys_poll_h=yes
ac_cv_header_sys_select_h=yes
ac_cv_header_sys_stat_h=yes
ac_cv_header_sys_time_h=yes
ac_cv_header_sys_ttydefaults_h=yes
ac_cv_header_sys_types_h=yes
ac_cv_header_sys_wait_h=yes
ac_cv_header_syslog_h=yes
ac_cv_header_term_h=yes
ac_cv_header_termios_h=yes
ac_cv_header_time=yes
ac_cv_header_unistd_h=yes
ac_cv_header_vfork_h=no
ac_cv_lib_curses_setupterm=yes
ac_cv_objext=o
ac_cv_path_EGREP='/bin/grep -E'
ac_cv_path_GREP=/bin/grep
ac_cv_path_install='/usr/bin/install -c'
ac_cv_prog_AWK=gawk
ac_cv_prog_CPP='gcc -E'
ac_cv_prog_ac_ct_CC=gcc
ac_cv_prog_cc_c89=
ac_cv_prog_cc_g=yes
ac_cv_prog_gcc_traditional=no
ac_cv_prog_make_make_set=yes
ac_cv_type_pid_t=yes
ac_cv_type_uid_t=yes
am_cv_CC_dependencies_compiler_type=gcc3

## ----------------- ##
## Output variables. ##
## ----------------- ##

ACLOCAL='aclocal-1.9'
AMDEPBACKSLASH='\'
AMDEP_FALSE='#'
AMDEP_TRUE=''
AMTAR='tar'
AUTOCONF='autoconf'
AUTOHEADER='autoheader'
AUTOMAKE='automake-1.9'
AWK='gawk'
CC='gcc'
CCDEPMODE='depmode=gcc3'
CFLAGS='-g -O2'
CPP='gcc -E'
CPPFLAGS=''
CYGPATH_W='echo'
DEFS='-DHAVE_CONFIG_H'
DEPDIR='.deps'
ECHO_C=''
ECHO_N='-n'
ECHO_T=''
EGREP='/bin/grep -E'
EXEEXT=''
GREP='/bin/grep'
INSTALL_DATA='${INSTALL} -m 644'
INSTALL_PROGRAM='${INSTALL}'
INSTALL_SCRIPT='${INSTALL}'
INSTALL_STRIP_PROGRAM='${SHELL} $(install_sh) -c -s'
LDFLAGS=''
LIBOBJS=''
LIBS='-lcurses '
LN_S='ln -s'
LTLIBOBJS=''
MAKEINFO='makeinfo'
OBJEXT='o'
PACKAGE='wy60'
PACKAGE_BUGREPORT='markus+wy60@wy60.gutschke.com'
PACKAGE_NAME='wy60'
PACKAGE_STRING='wy60 2.0.9'
PACKAGE_TARNAME='wy60'
PACKAGE_VERSION='2.0.9'
PATH_SEPARATOR=':'
SET_MAKE=''
SHELL='/bin/sh'
STRIP=''
VERSION='2.0.9'
ac_ct_CC='gcc'
am__fastdepCC_FALSE='#'
am__fastdepCC_TRUE=''
am__include='include'
am__leading_dot='.'
am__quote=''
am__tar='${AMTAR} chof - "$$tardir"'
am__untar='${AMTAR} xf -'
bindir='${exec_prefix}/bin'
build_alias=''
datadir='${datarootdir}'
datarootdir='${prefix}/share'
docdir='${datarootdir}/doc/${PACKAGE_TARNAME}'
dvidir='${docdir}'
exec_prefix='${prefix}'
host_alias=''
htmldir='${docdir}'
includedir='${prefix}/include'
infodir='${datarootdir}/info'
install_sh='/home/hharte/android/cyanogen/external/wy60/install-sh'
libdir='${exec_prefix}/lib'
libexecdir='${exec_prefix}/libexec'
localedir='${datarootdir}/locale'
localstatedir='${prefix}/var'
mandir='${datarootdir}/man'
mkdir_p='mkdir -p --'
oldincludedir='/usr/include'
pdfdir='${docdir}'
prefix='/usr/local'
program_transform_name='s,x,x,'
psdir='${docdir}'
sbindir='${exec_prefix}/sbin'
sharedstatedir='${prefix}/com'
sysconfdir='${prefix}/etc'
target_alias=''

## ----------- ##
## confdefs.h. ##
## ----------- ##

#define PACKAGE_NAME "wy60"
#define PACKAGE_TARNAME "wy60"
#define PACKAGE_VERSION "2.0.9"
#define PACKAGE_STRING "wy60 2.0.9"
#define PACKAGE_BUGREPORT "markus+wy60@wy60.gutschke.com"
#define STDC_HEADERS 1
#define HAVE_SYS_WAIT_H 1
#define HAVE_SYS_TYPES_H 1
#define HAVE_SYS_STAT_H 1
#define HAVE_STDLIB_H 1
#define HAVE_STRING_H 1
#define HAVE_MEMORY_H 1
#define HAVE_STRINGS_H 1
#define HAVE_INTTYPES_H 1
#define HAVE_STDINT_H 1
#define HAVE_UNISTD_H 1
#define HAVE_CURSES_H 1
#define HAVE_ERRNO_H 1
#define HAVE_FCNTL_H 1
#define HAVE_GRP_H 1
#define HAVE_NCURSES_H 1
#define HAVE_NETINET_IN_H 1
#define HAVE_PTY_H 1
#define HAVE_SETJMP_H 1
#define HAVE_SIGNAL_H 1
#define HAVE_STDARG_H 1
#define HAVE_STDIO_H 1
#define HAVE_STDLIB_H 1
#define HAVE_STRING_H 1
#define HAVE_STRINGS_H 1
#define HAVE_STROPTS_H 1
#define HAVE_SYS_IOCTL_H 1
#define HAVE_SYS_POLL_H 1
#define HAVE_SYS_SELECT_H 1
#define HAVE_SYS_TIME_H 1
#define HAVE_SYS_TTYDEFAULTS_H 1
#define HAVE_SYS_TYPES_H 1
#define HAVE_SYSLOG_H 1
#define HAVE_TERM_H 1
#define HAVE_TERMIOS_H 1
#define HAVE_UNISTD_H 1
#define TIME_WITH_SYS_TIME 1
#define HAVE_UNISTD_H 1
#define HAVE_CHOWN 1
#define HAVE_FORK 1
#define HAVE_VFORK 1
#define HAVE_WORKING_VFORK 1
#define HAVE_WORKING_FORK 1
#define HAVE_STDLIB_H 1
#define HAVE_MALLOC 1
#define HAVE_ATEXIT 1
#define HAVE_CFMAKERAW 1
#define HAVE_DUP2 1
#define HAVE_GETTIMEOFDAY 1
#define HAVE_MEMMOVE 1
#define HAVE_MEMSET 1
#define HAVE_PUTENV 1
#define HAVE_STRCASECMP 1
#define HAVE_STRCHR 1
#define HAVE_STRDUP 1
#define HAVE_STRRCHR 1
#define HAVE_UNSETENV 1
#define HAVE_GETPT 1
#define HAVE_GRANTPT 1
#define HAVE_TIOCSCTTY 1
#define HAVE_VARIADICMACROS 1

configure: exit 0
